
------------Parsing SamplePrograms/ExampleConst.java------------
class Assignment4 {
  public static void main (String [] args) {
    System.out.println(1.0E10);
    System.out.println(1.0E-10);
    System.out.println(1.0E10);
    System.out.println(1.0E10);
    System.out.println(1.1E10);
    System.out.println(1.1);
    System.out.println(0.1);
    System.out.println(1.0);
    System.out.println(1.0);
    System.out.println(new Worker().foo());
    System.out.println((10 / 5));
    System.out.println((10 / 2));
  }
}

class Dog { 
  int A;

  public int Foo () { 
    return 3;
  }
}

class Husky extends Dog { 

}

class Worker { 
  int d1;
  int d2;
  int [] B;

  public int foo () { 
    Worker aBar;
    bool x;
    int y;
    double d;
    int [] A;
    double [] B;
    A = new int [1];
    B = new int [(11 % 1)];
    y = A.length;
    x = (A.length == A.length);
    x = (1 < 2);
    x = ((1 < 2) || (3 < 4));
    x = ((1 < 2) && (3 < 4));
    if (x) {
        y = 0;
        y = 2147483647;
    } else {
         y = 1;
    }
    while ((1 > 2)) {
	  System.out.println(9999);
	}
    return 0;
  }

  public int a_ () { 
    int x;
    return 4;
  }

  public int b_ () { 
    return 4;
  }

  public bool True () { 
    return true;
  }

  public bool False () { 
    return false;
  }

  public int [] V () { 
    int [] A;
    int i;
    int s;
    s = 27;
    A = new int [s];
    i = 0;
    while ((i < s)) {
	  A[i] = i;
	  i = (i + 1);
	}
    return A;
  }

  public int args (int a, double d, bool b, int [] A, int [] V) { 
    return A[0];
  }

  public int Precedence () { 
    System.out.println(e);
    System.out.println(((1 + 2) * 3));
    System.out.println((1 + (2 * 3)));
    return 1;
  }
}
